app/build/outputs/logs/manifest-merger-debug-report.txt
-- Merging decision tree log ---
manifest
ADDED from src/main/AndroidManifest.xml:2:1-30:12
INJECTED from src/main/AndroidManifest.xml:2:1-30:12
INJECTED from src/main/AndroidManifest.xml:2:1-30:12
INJECTED from src/main/AndroidManifest.xml:2:1-30:12
MERGED from [com.android.support:recyclerview-v7:27.0.0] AndroidManifest.xml:17:1-22:12
MERGED from [com.android.support:appcompat-v7:27.0.0] AndroidManifest.xml:17:1-22:12
MERGED from [com.android.support.constraint:constraint-layout:1.0.2] AndroidManifest.xml:2:1-11:12
MERGED from [com.android.support:support-fragment:27.0.0] AndroidManifest.xml:17:1-22:12
MERGED from [com.android.support:animated-vector-drawable:27.0.0] AndroidManifest.xml:17:1-22:12
MERGED from [com.android.support:support-core-ui:27.0.0] AndroidManifest.xml:17:1-22:12
MERGED from [com.android.support:support-core-utils:27.0.0] AndroidManifest.xml:17:1-22:12
MERGED from [com.android.support:support-vector-drawable:27.0.0] AndroidManifest.xml:17:1-22:12
MERGED from [com.android.support:support-compat:27.0.0] AndroidManifest.xml:17:1-22:12
MERGED from [android.arch.lifecycle:runtime:1.0.0] AndroidManifest.xml:17:1-30:12
INJECTED from src/main/AndroidManifest.xml:2:1-30:12
INJECTED from src/main/AndroidManifest.xml:2:1-30:12
INJECTED from src/main/AndroidManifest.xml:2:1-30:12
	package
		ADDED from src/main/AndroidManifest.xml:3:5-32
		INJECTED from src/main/AndroidManifest.xml
		INJECTED from src/main/AndroidManifest.xml
	android:versionName
		INJECTED from src/main/AndroidManifest.xml
		ADDED from src/main/AndroidManifest.xml:2:1-30:12
		INJECTED from src/main/AndroidManifest.xml
	android:versionCode
		INJECTED from src/main/AndroidManifest.xml
		ADDED from src/main/AndroidManifest.xml:2:1-30:12
		INJECTED from src/main/AndroidManifest.xml
	xmlns:android
		ADDED from src/main/AndroidManifest.xml:2:11-69
uses-permission#android.permission.INTERNET
ADDED from src/main/AndroidManifest.xml:5:5-67
	android:name
		ADDED from src/main/AndroidManifest.xml:5:22-64
application
ADDED from src/main/AndroidManifest.xml:6:5-28:19
MERGED from [com.android.support.constraint:constraint-layout:1.0.2] AndroidManifest.xml:9:5-20
MERGED from [com.android.support.constraint:constraint-layout:1.0.2] AndroidManifest.xml:9:5-20
MERGED from [android.arch.lifecycle:runtime:1.0.0] AndroidManifest.xml:24:5-28:19
MERGED from [android.arch.lifecycle:runtime:1.0.0] AndroidManifest.xml:24:5-28:19
	android:supportsRtl
		ADDED from src/main/AndroidManifest.xml:11:9-35
	android:label
		ADDED from src/main/AndroidManifest.xml:9:9-41
	android:roundIcon
		ADDED from src/main/AndroidManifest.xml:10:9-54
	android:icon
		ADDED from src/main/AndroidManifest.xml:8:9-43
	android:allowBackup
		ADDED from src/main/AndroidManifest.xml:7:9-35
	android:theme
		ADDED from src/main/AndroidManifest.xml:12:9-40
meta-data#com.ilink.weather.utils.GlideConfiguration
ADDED from src/main/AndroidManifest.xml:13:9-15:43
	android:value
		ADDED from src/main/AndroidManifest.xml:15:13-40
	android:name
		ADDED from src/main/AndroidManifest.xml:14:13-70
activity#com.ilink.weather.view.activities.MainActivity
ADDED from src/main/AndroidManifest.xml:17:9-27:20
	android:screenOrientation
		ADDED from src/main/AndroidManifest.xml:19:13-49
	android:windowSoftInputMode
		ADDED from src/main/AndroidManifest.xml:21:13-70
	android:theme
		ADDED from src/main/AndroidManifest.xml:20:13-62
	android:name
		ADDED from src/main/AndroidManifest.xml:18:13-57
intent-filter#android.intent.action.MAIN+android.intent.category.LAUNCHER
ADDED from src/main/AndroidManifest.xml:22:13-26:29
action#android.intent.action.MAIN
ADDED from src/main/AndroidManifest.xml:23:17-69
	android:name
		ADDED from src/main/AndroidManifest.xml:23:25-66
category#android.intent.category.LAUNCHER
ADDED from src/main/AndroidManifest.xml:25:17-77
	android:name
		ADDED from src/main/AndroidManifest.xml:25:27-74
uses-sdk
INJECTED from src/main/AndroidManifest.xml reason: use-sdk injection requested
INJECTED from src/main/AndroidManifest.xml
INJECTED from src/main/AndroidManifest.xml
MERGED from [com.android.support:recyclerview-v7:27.0.0] AndroidManifest.xml:20:5-44
MERGED from [com.android.support:recyclerview-v7:27.0.0] AndroidManifest.xml:20:5-44
MERGED from [com.android.support:appcompat-v7:27.0.0] AndroidManifest.xml:20:5-44
MERGED from [com.android.support:appcompat-v7:27.0.0] AndroidManifest.xml:20:5-44
MERGED from [com.android.support.constraint:constraint-layout:1.0.2] AndroidManifest.xml:5:5-7:41
MERGED from [com.android.support.constraint:constraint-layout:1.0.2] AndroidManifest.xml:5:5-7:41
MERGED from [com.android.support:support-fragment:27.0.0] AndroidManifest.xml:20:5-44
MERGED from [com.android.support:support-fragment:27.0.0] AndroidManifest.xml:20:5-44
MERGED from [com.android.support:animated-vector-drawable:27.0.0] AndroidManifest.xml:20:5-44
MERGED from [com.android.support:animated-vector-drawable:27.0.0] AndroidManifest.xml:20:5-44
MERGED from [com.android.support:support-core-ui:27.0.0] AndroidManifest.xml:20:5-44
MERGED from [com.android.support:support-core-ui:27.0.0] AndroidManifest.xml:20:5-44
MERGED from [com.android.support:support-core-utils:27.0.0] AndroidManifest.xml:20:5-44
MERGED from [com.android.support:support-core-utils:27.0.0] AndroidManifest.xml:20:5-44
MERGED from [com.android.support:support-vector-drawable:27.0.0] AndroidManifest.xml:20:5-44
MERGED from [com.android.support:support-vector-drawable:27.0.0] AndroidManifest.xml:20:5-44
MERGED from [com.android.support:support-compat:27.0.0] AndroidManifest.xml:20:5-44
MERGED from [com.android.support:support-compat:27.0.0] AndroidManifest.xml:20:5-44
MERGED from [android.arch.lifecycle:runtime:1.0.0] AndroidManifest.xml:20:5-22:41
MERGED from [android.arch.lifecycle:runtime:1.0.0] AndroidManifest.xml:20:5-22:41
INJECTED from src/main/AndroidManifest.xml
INJECTED from src/main/AndroidManifest.xml
	android:targetSdkVersion
		INJECTED from src/main/AndroidManifest.xml
		ADDED from src/main/AndroidManifest.xml
		INJECTED from src/main/AndroidManifest.xml
	android:minSdkVersion
		INJECTED from src/main/AndroidManifest.xml
		ADDED from src/main/AndroidManifest.xml
		INJECTED from src/main/AndroidManifest.xml
meta-data#android.arch.lifecycle.VERSION
ADDED from [android.arch.lifecycle:runtime:1.0.0] AndroidManifest.xml:25:9-27:47
	android:value
		ADDED from [android.arch.lifecycle:runtime:1.0.0] AndroidManifest.xml:27:13-44
	android:name
		ADDED from [android.arch.lifecycle:runtime:1.0.0] AndroidManifest.xml:26:13-58